[00:49:52] [Server thread/INFO]: Starting minecraft server version 1.12.2
[00:49:52] [Server thread/INFO]: Loading properties
[00:49:52] [Server thread/INFO]: Default game type: SURVIVAL
[00:49:52] [Server thread/INFO]: Generating keypair
[00:49:52] [Server thread/INFO]: Starting Minecraft server on *:25565
[00:49:52] [Server thread/INFO]: Using epoll channel type
[00:49:52] [Server thread/INFO]: Preparing level "world"
[00:49:53] [Server thread/INFO]: Loaded 488 advancements
[00:49:54] [Server thread/INFO]: Preparing start region for level 0
[00:49:55] [Server thread/INFO]: Preparing spawn area: 7%
[00:49:56] [Server thread/INFO]: Preparing spawn area: 13%
[00:49:57] [Server thread/INFO]: Preparing spawn area: 22%
[00:49:58] [Server thread/INFO]: Preparing spawn area: 30%
[00:49:59] [Server thread/INFO]: Preparing spawn area: 36%
[00:50:00] [Server thread/INFO]: Preparing spawn area: 46%
[00:50:01] [Server thread/INFO]: Preparing spawn area: 57%
[00:50:02] [Server thread/INFO]: Preparing spawn area: 70%
[00:50:03] [Server thread/INFO]: Preparing spawn area: 83%
[00:50:04] [Server thread/INFO]: Preparing spawn area: 97%
[00:50:04] [Server thread/INFO]: Done (11.350s)! For help, type "help" or "?"
[00:50:13] [Server thread/INFO]: Stopping the server
[00:50:13] [Server thread/INFO]: Stopping server
[00:50:13] [Server thread/INFO]: Saving players
[00:50:13] [Server thread/INFO]: Saving worlds
[00:50:13] [Server thread/INFO]: Saving chunks for level 'world'/overworld
[00:50:13] [Server thread/INFO]: Saving chunks for level 'world'/the_nether
[00:50:13] [Server thread/INFO]: Saving chunks for level 'world'/the_end
[00:50:14] [Server Shutdown Thread/INFO]: Stopping server
[00:50:14] [Server Shutdown Thread/INFO]: Saving players
[00:50:14] [Server Shutdown Thread/INFO]: Saving worlds
[00:50:14] [Server Shutdown Thread/INFO]: Saving chunks for level 'world'/overworld
